app/build/intermediates/manifest_merge_blame_file/debug/manifest-merger-blame-debug-report.txt
1<?xml version="1.0" encoding="utf-8"?>
2<manifest xmlns:android="http://schemas.android.com/apk/res/android"
3    package="com.androidexample.webview"
4    android:versionCode="1"
5    android:versionName="1.0" >
6
7    <uses-sdk
7-->src/main/AndroidManifest.xml:7:5-8:36
8        android:minSdkVersion="8"
8-->src/main/AndroidManifest.xml:8:9-34
9        android:targetSdkVersion="8" />
9-->src/main/AndroidManifest.xml:7:5-8:36
10
11    <uses-permission android:name="android.permission.INTERNET" />
11-->src/main/AndroidManifest.xml:10:5-67
11-->src/main/AndroidManifest.xml:10:22-64
12    <uses-permission android:name="android.permission.CAMERA" />
12-->src/main/AndroidManifest.xml:12:5-65
12-->src/main/AndroidManifest.xml:12:22-62
13
14    <uses-feature android:name="android.hardware.camera" />
14-->src/main/AndroidManifest.xml:13:5-60
14-->src/main/AndroidManifest.xml:13:19-57
15    <uses-feature android:name="android.hardware.camera.autofocus" />
15-->src/main/AndroidManifest.xml:14:5-70
15-->src/main/AndroidManifest.xml:14:19-67
16
17    <uses-permission android:name="android.permission.READ_EXTERNAL_STORAGE" />
17-->src/main/AndroidManifest.xml:16:2-77
17-->src/main/AndroidManifest.xml:16:19-74
18    <uses-permission android:name="android.permission.WRITE_EXTERNAL_STORAGE" />
18-->src/main/AndroidManifest.xml:17:2-78
18-->src/main/AndroidManifest.xml:17:19-75
19
20    <application
20-->src/main/AndroidManifest.xml:20:5-33:19
21        android:debuggable="true"
22        android:icon="@drawable/ic_launcher"
22-->src/main/AndroidManifest.xml:21:9-45
23        android:label="@string/app_name"
23-->src/main/AndroidManifest.xml:22:9-41
24        android:testOnly="true" >
25        <activity
25-->src/main/AndroidManifest.xml:24:9-32:20
26            android:name="com.androidexample.webview.ShowWebView"
26-->src/main/AndroidManifest.xml:26:13-40
27            android:label="@string/app_name"
27-->src/main/AndroidManifest.xml:25:13-45
28            android:theme="@android:style/Theme.NoTitleBar" >
28-->src/main/AndroidManifest.xml:27:13-60
29            <intent-filter>
29-->src/main/AndroidManifest.xml:28:13-31:29
30                <action android:name="android.intent.action.MAIN" />
30-->src/main/AndroidManifest.xml:29:17-69
30-->src/main/AndroidManifest.xml:29:25-66
31
32                <category android:name="android.intent.category.LAUNCHER" />
32-->src/main/AndroidManifest.xml:30:17-77
32-->src/main/AndroidManifest.xml:30:27-74
33            </intent-filter>
34        </activity>
35    </application>
36
37</manifest>